0 info it worked if it ends with ok
1 verbose cli [ '/usr/bin/nodejs', '/usr/bin/npm', 'install', '-g', 'nodeman' ]
2 info using npm@3.5.2
3 info using node@v4.2.6
4 silly loadCurrentTree Starting
5 silly install loadCurrentTree
6 silly install readGlobalPackageData
7 silly fetchPackageMetaData nodeman
8 silly fetchNamedPackageData nodeman
9 silly mapToRegistry name nodeman
10 silly mapToRegistry using default registry
11 silly mapToRegistry registry https://registry.npmjs.org/
12 silly mapToRegistry uri https://registry.npmjs.org/nodeman
13 verbose request uri https://registry.npmjs.org/nodeman
14 verbose request no auth needed
15 info attempt registry request try #1 at 12:49:49 AM
16 verbose request id 1d88ff5da83f2d3a
17 http request GET https://registry.npmjs.org/nodeman
18 http 200 https://registry.npmjs.org/nodeman
19 verbose headers { server: 'nginx/1.10.1',
19 verbose headers   'content-type': 'application/json',
19 verbose headers   'last-modified': 'Fri, 03 May 2013 01:55:33 GMT',
19 verbose headers   etag: 'W/"51831915-14aff"',
19 verbose headers   'content-encoding': 'gzip',
19 verbose headers   'cache-control': 'max-age=300',
19 verbose headers   'content-length': '5524',
19 verbose headers   'accept-ranges': 'bytes',
19 verbose headers   date: 'Mon, 20 Nov 2017 05:49:50 GMT',
19 verbose headers   via: '1.1 varnish',
19 verbose headers   age: '0',
19 verbose headers   connection: 'keep-alive',
19 verbose headers   'x-served-by': 'cache-atl6242-ATL',
19 verbose headers   'x-cache': 'MISS',
19 verbose headers   'x-cache-hits': '0',
19 verbose headers   'x-timer': 'S1511156990.117362,VS0,VE69',
19 verbose headers   vary: 'Accept-Encoding, Accept' }
20 silly get cb [ 200,
20 silly get   { server: 'nginx/1.10.1',
20 silly get     'content-type': 'application/json',
20 silly get     'last-modified': 'Fri, 03 May 2013 01:55:33 GMT',
20 silly get     etag: 'W/"51831915-14aff"',
20 silly get     'content-encoding': 'gzip',
20 silly get     'cache-control': 'max-age=300',
20 silly get     'content-length': '5524',
20 silly get     'accept-ranges': 'bytes',
20 silly get     date: 'Mon, 20 Nov 2017 05:49:50 GMT',
20 silly get     via: '1.1 varnish',
20 silly get     age: '0',
20 silly get     connection: 'keep-alive',
20 silly get     'x-served-by': 'cache-atl6242-ATL',
20 silly get     'x-cache': 'MISS',
20 silly get     'x-cache-hits': '0',
20 silly get     'x-timer': 'S1511156990.117362,VS0,VE69',
20 silly get     vary: 'Accept-Encoding, Accept' } ]
21 verbose get saving nodeman to /home/yb44/.npm/registry.npmjs.org/nodeman/.cache.json
22 silly install normalizeTree
23 silly loadCurrentTree Finishing
24 silly loadIdealTree Starting
25 silly install loadIdealTree
26 silly cloneCurrentTree Starting
27 silly install cloneCurrentTreeToIdealTree
28 silly cloneCurrentTree Finishing
29 silly loadShrinkwrap Starting
30 silly install loadShrinkwrap
31 silly loadShrinkwrap Finishing
32 silly loadAllDepsIntoIdealTree Starting
33 silly install loadAllDepsIntoIdealTree
34 silly resolveWithNewModule nodeman@1.1.2 checking installable status
35 silly cache add args [ 'nodeman', null ]
36 verbose cache add spec nodeman
37 silly cache add parsed spec Result {
37 silly cache add   raw: 'nodeman',
37 silly cache add   scope: null,
37 silly cache add   name: 'nodeman',
37 silly cache add   rawSpec: '',
37 silly cache add   spec: 'latest',
37 silly cache add   type: 'tag' }
38 silly addNamed nodeman@latest
39 verbose addNamed "latest" is being treated as a dist-tag for nodeman
40 info addNameTag [ 'nodeman', 'latest' ]
41 silly mapToRegistry name nodeman
42 silly mapToRegistry using default registry
43 silly mapToRegistry registry https://registry.npmjs.org/
44 silly mapToRegistry uri https://registry.npmjs.org/nodeman
45 verbose addNameTag registry:https://registry.npmjs.org/nodeman not in flight; fetching
46 verbose get https://registry.npmjs.org/nodeman not expired, no request
47 silly addNameTag next cb for nodeman with tag latest
48 silly addNamed nodeman@1.1.2
49 verbose addNamed "1.1.2" is a plain semver version for nodeman
50 silly mapToRegistry name nodeman
51 silly mapToRegistry using default registry
52 silly mapToRegistry registry https://registry.npmjs.org/
53 silly mapToRegistry uri https://registry.npmjs.org/nodeman
54 verbose addRemoteTarball https://registry.npmjs.org/nodeman/-/nodeman-1.1.2.tgz not in flight; adding
55 verbose addRemoteTarball [ 'https://registry.npmjs.org/nodeman/-/nodeman-1.1.2.tgz',
55 verbose addRemoteTarball   '78128508f7540dbbffbf7f1093222e09d58e1b64' ]
56 info retry fetch attempt 1 at 12:49:50 AM
57 info attempt registry request try #1 at 12:49:50 AM
58 http fetch GET https://registry.npmjs.org/nodeman/-/nodeman-1.1.2.tgz
59 http fetch 200 https://registry.npmjs.org/nodeman/-/nodeman-1.1.2.tgz
60 silly fetchAndShaCheck shasum 78128508f7540dbbffbf7f1093222e09d58e1b64
61 verbose addTmpTarball /tmp/npm-32746-1c24d6dc/registry.npmjs.org/nodeman/-/nodeman-1.1.2.tgz not in flight; adding
62 verbose addTmpTarball already have metadata; skipping unpack for nodeman@1.1.2
63 silly cache afterAdd nodeman@1.1.2
64 verbose afterAdd /home/yb44/.npm/nodeman/1.1.2/package/package.json not in flight; writing
65 verbose afterAdd /home/yb44/.npm/nodeman/1.1.2/package/package.json written
66 silly fetchNamedPackageData colors
67 silly mapToRegistry name colors
68 silly mapToRegistry using default registry
69 silly mapToRegistry registry https://registry.npmjs.org/
70 silly mapToRegistry uri https://registry.npmjs.org/colors
71 verbose request uri https://registry.npmjs.org/colors
72 verbose request no auth needed
73 info attempt registry request try #1 at 12:49:50 AM
74 http request GET https://registry.npmjs.org/colors
75 http 200 https://registry.npmjs.org/colors
76 verbose headers { server: 'nginx/1.10.1',
76 verbose headers   'content-type': 'application/json',
76 verbose headers   'last-modified': 'Sat, 18 Nov 2017 18:19:45 GMT',
76 verbose headers   etag: 'W/"5a1079c1-5b54"',
76 verbose headers   'content-encoding': 'gzip',
76 verbose headers   'cache-control': 'max-age=300',
76 verbose headers   'content-length': '6281',
76 verbose headers   'accept-ranges': 'bytes',
76 verbose headers   date: 'Mon, 20 Nov 2017 05:49:51 GMT',
76 verbose headers   via: '1.1 varnish',
76 verbose headers   age: '43',
76 verbose headers   connection: 'keep-alive',
76 verbose headers   'x-served-by': 'cache-atl6232-ATL',
76 verbose headers   'x-cache': 'HIT',
76 verbose headers   'x-cache-hits': '1',
76 verbose headers   'x-timer': 'S1511156991.009405,VS0,VE0',
76 verbose headers   vary: 'Accept-Encoding, Accept' }
77 silly get cb [ 200,
77 silly get   { server: 'nginx/1.10.1',
77 silly get     'content-type': 'application/json',
77 silly get     'last-modified': 'Sat, 18 Nov 2017 18:19:45 GMT',
77 silly get     etag: 'W/"5a1079c1-5b54"',
77 silly get     'content-encoding': 'gzip',
77 silly get     'cache-control': 'max-age=300',
77 silly get     'content-length': '6281',
77 silly get     'accept-ranges': 'bytes',
77 silly get     date: 'Mon, 20 Nov 2017 05:49:51 GMT',
77 silly get     via: '1.1 varnish',
77 silly get     age: '43',
77 silly get     connection: 'keep-alive',
77 silly get     'x-served-by': 'cache-atl6232-ATL',
77 silly get     'x-cache': 'HIT',
77 silly get     'x-cache-hits': '1',
77 silly get     'x-timer': 'S1511156991.009405,VS0,VE0',
77 silly get     vary: 'Accept-Encoding, Accept' } ]
78 verbose get saving colors to /home/yb44/.npm/registry.npmjs.org/colors/.cache.json
79 silly resolveWithNewModule colors@1.1.2 checking installable status
80 silly cache add args [ 'colors@*', null ]
81 verbose cache add spec colors@*
82 silly cache add parsed spec Result {
82 silly cache add   raw: 'colors@*',
82 silly cache add   scope: null,
82 silly cache add   name: 'colors',
82 silly cache add   rawSpec: '*',
82 silly cache add   spec: '*',
82 silly cache add   type: 'range' }
83 silly addNamed colors@*
84 verbose addNamed "*" is a valid semver range for colors
85 silly addNameRange { name: 'colors', range: '*', hasData: false }
86 silly mapToRegistry name colors
87 silly mapToRegistry using default registry
88 silly mapToRegistry registry https://registry.npmjs.org/
89 silly mapToRegistry uri https://registry.npmjs.org/colors
90 verbose addNameRange registry:https://registry.npmjs.org/colors not in flight; fetching
91 verbose get https://registry.npmjs.org/colors not expired, no request
92 silly addNameRange number 2 { name: 'colors', range: '*', hasData: true }
93 silly addNameRange versions [ 'colors',
93 silly addNameRange   [ '0.3.0',
93 silly addNameRange     '0.5.0',
93 silly addNameRange     '0.5.1',
93 silly addNameRange     '0.6.0',
93 silly addNameRange     '0.6.0-1',
93 silly addNameRange     '0.6.1',
93 silly addNameRange     '0.6.2',
93 silly addNameRange     '1.0.0',
93 silly addNameRange     '1.0.1',
93 silly addNameRange     '1.0.2',
93 silly addNameRange     '1.0.3',
93 silly addNameRange     '1.1.0',
93 silly addNameRange     '1.1.1',
93 silly addNameRange     '1.1.2' ] ]
94 silly addNamed colors@1.1.2
95 verbose addNamed "1.1.2" is a plain semver version for colors
96 silly mapToRegistry name colors
97 silly mapToRegistry using default registry
98 silly mapToRegistry registry https://registry.npmjs.org/
99 silly mapToRegistry uri https://registry.npmjs.org/colors
100 verbose addRemoteTarball https://registry.npmjs.org/colors/-/colors-1.1.2.tgz not in flight; adding
101 verbose addRemoteTarball [ 'https://registry.npmjs.org/colors/-/colors-1.1.2.tgz',
101 verbose addRemoteTarball   '168a4701756b6a7f51a12ce0c97bfa28c084ed63' ]
102 info retry fetch attempt 1 at 12:49:51 AM
103 info attempt registry request try #1 at 12:49:51 AM
104 http fetch GET https://registry.npmjs.org/colors/-/colors-1.1.2.tgz
105 http fetch 200 https://registry.npmjs.org/colors/-/colors-1.1.2.tgz
106 silly fetchAndShaCheck shasum 168a4701756b6a7f51a12ce0c97bfa28c084ed63
107 verbose addTmpTarball /tmp/npm-32746-1c24d6dc/registry.npmjs.org/colors/-/colors-1.1.2.tgz not in flight; adding
108 verbose addTmpTarball already have metadata; skipping unpack for colors@1.1.2
109 silly cache afterAdd colors@1.1.2
110 verbose afterAdd /home/yb44/.npm/colors/1.1.2/package/package.json not in flight; writing
111 verbose afterAdd /home/yb44/.npm/colors/1.1.2/package/package.json written
112 silly loadAllDepsIntoIdealTree Finishing
113 silly idealTree:prePrune lib
113 silly idealTree:prePrune └─┬ nodeman@1.1.2
113 silly idealTree:prePrune   └── colors@1.1.2
114 silly loadIdealTree Finishing
115 silly currentTree lib
116 silly idealTree lib
116 silly idealTree └─┬ nodeman@1.1.2
116 silly idealTree   └── colors@1.1.2
117 silly generateActionsToTake Starting
118 silly install generateActionsToTake
119 warn checkPermissions Missing write access to /usr/local/lib
120 silly rollbackFailedOptional Starting
121 silly rollbackFailedOptional Finishing
122 silly runTopLevelLifecycles Starting
123 silly runTopLevelLifecycles Finishing
124 silly install printInstalled
125 verbose stack Error: EACCES: permission denied, access '/usr/local/lib'
125 verbose stack     at Error (native)
126 verbose cwd /home/yb44/Foodie/Foodie-Database-Server
127 error Linux 4.4.0-98-generic
128 error argv "/usr/bin/nodejs" "/usr/bin/npm" "install" "-g" "nodeman"
129 error node v4.2.6
130 error npm  v3.5.2
131 error path /usr/local/lib
132 error code EACCES
133 error errno -13
134 error syscall access
135 error Error: EACCES: permission denied, access '/usr/local/lib'
135 error     at Error (native)
135 error  { [Error: EACCES: permission denied, access '/usr/local/lib']
135 error   errno: -13,
135 error   code: 'EACCES',
135 error   syscall: 'access',
135 error   path: '/usr/local/lib' }
136 error Please try running this command again as root/Administrator.
137 verbose exit [ -13, true ]
